{
  "C:\\Users\\ASUS\\Desktop\\development\\project\\beautylips\\be-lang-switcher\\packages\\be-lang-switcher\\dist\\lib\\esm\\be-lang-switcher.js": {
    "path": "C:\\Users\\ASUS\\Desktop\\development\\project\\beautylips\\be-lang-switcher\\packages\\be-lang-switcher\\dist\\lib\\esm\\be-lang-switcher.js",
    "all": false,
    "statementMap": {
      "0": {
        "start": { "line": 1, "column": 0 },
        "end": { "line": 1, "column": 18 }
      },
      "1": {
        "start": { "line": 2, "column": 0 },
        "end": { "line": 2, "column": 17 }
      },
      "2": {
        "start": { "line": 3, "column": 0 },
        "end": { "line": 3, "column": 23 }
      },
      "3": {
        "start": { "line": 4, "column": 0 },
        "end": { "line": 4, "column": 66 }
      },
      "4": {
        "start": { "line": 5, "column": 0 },
        "end": { "line": 5, "column": 26 }
      },
      "5": {
        "start": { "line": 6, "column": 0 },
        "end": { "line": 6, "column": 52 }
      },
      "6": {
        "start": { "line": 7, "column": 0 },
        "end": { "line": 7, "column": 13 }
      },
      "7": {
        "start": { "line": 8, "column": 0 },
        "end": { "line": 8, "column": 9 }
      },
      "8": {
        "start": { "line": 9, "column": 0 },
        "end": { "line": 9, "column": 5 }
      },
      "9": {
        "start": { "line": 10, "column": 0 },
        "end": { "line": 10, "column": 1 }
      },
      "10": {
        "start": { "line": 11, "column": 0 },
        "end": { "line": 11, "column": 0 }
      },
      "11": {
        "start": { "line": 12, "column": 0 },
        "end": { "line": 12, "column": 17 }
      },
      "12": {
        "start": { "line": 13, "column": 0 },
        "end": { "line": 13, "column": 15 }
      },
      "13": {
        "start": { "line": 14, "column": 0 },
        "end": { "line": 14, "column": 47 }
      },
      "14": {
        "start": { "line": 15, "column": 0 },
        "end": { "line": 15, "column": 46 }
      },
      "15": {
        "start": { "line": 16, "column": 0 },
        "end": { "line": 16, "column": 41 }
      },
      "16": {
        "start": { "line": 17, "column": 0 },
        "end": { "line": 17, "column": 29 }
      },
      "17": {
        "start": { "line": 18, "column": 0 },
        "end": { "line": 18, "column": 39 }
      },
      "18": {
        "start": { "line": 19, "column": 0 },
        "end": { "line": 19, "column": 23 }
      },
      "19": {
        "start": { "line": 20, "column": 0 },
        "end": { "line": 20, "column": 56 }
      },
      "20": {
        "start": { "line": 21, "column": 0 },
        "end": { "line": 21, "column": 13 }
      },
      "21": {
        "start": { "line": 22, "column": 0 },
        "end": { "line": 22, "column": 9 }
      },
      "22": {
        "start": { "line": 23, "column": 0 },
        "end": { "line": 23, "column": 25 }
      },
      "23": {
        "start": { "line": 24, "column": 0 },
        "end": { "line": 24, "column": 5 }
      },
      "24": {
        "start": { "line": 25, "column": 0 },
        "end": { "line": 25, "column": 1 }
      },
      "25": {
        "start": { "line": 26, "column": 0 },
        "end": { "line": 26, "column": 0 }
      },
      "26": {
        "start": { "line": 27, "column": 0 },
        "end": { "line": 27, "column": 15 }
      },
      "27": {
        "start": { "line": 28, "column": 0 },
        "end": { "line": 28, "column": 9 }
      },
      "28": {
        "start": { "line": 29, "column": 0 },
        "end": { "line": 29, "column": 22 }
      },
      "29": {
        "start": { "line": 30, "column": 0 },
        "end": { "line": 30, "column": 24 }
      },
      "30": {
        "start": { "line": 31, "column": 0 },
        "end": { "line": 31, "column": 5 }
      },
      "31": {
        "start": { "line": 32, "column": 0 },
        "end": { "line": 32, "column": 17 }
      },
      "32": {
        "start": { "line": 33, "column": 0 },
        "end": { "line": 33, "column": 55 }
      },
      "33": {
        "start": { "line": 34, "column": 0 },
        "end": { "line": 34, "column": 51 }
      },
      "34": {
        "start": { "line": 35, "column": 0 },
        "end": { "line": 35, "column": 9 }
      },
      "35": {
        "start": { "line": 36, "column": 0 },
        "end": { "line": 36, "column": 5 }
      },
      "36": {
        "start": { "line": 37, "column": 0 },
        "end": { "line": 37, "column": 15 }
      },
      "37": {
        "start": { "line": 38, "column": 0 },
        "end": { "line": 38, "column": 46 }
      },
      "38": {
        "start": { "line": 39, "column": 0 },
        "end": { "line": 39, "column": 29 }
      },
      "39": {
        "start": { "line": 40, "column": 0 },
        "end": { "line": 40, "column": 54 }
      },
      "40": {
        "start": { "line": 41, "column": 0 },
        "end": { "line": 41, "column": 50 }
      },
      "41": {
        "start": { "line": 42, "column": 0 },
        "end": { "line": 42, "column": 29 }
      },
      "42": {
        "start": { "line": 43, "column": 0 },
        "end": { "line": 43, "column": 21 }
      },
      "43": {
        "start": { "line": 44, "column": 0 },
        "end": { "line": 44, "column": 5 }
      },
      "44": {
        "start": { "line": 45, "column": 0 },
        "end": { "line": 45, "column": 1 }
      },
      "45": {
        "start": { "line": 46, "column": 0 },
        "end": { "line": 46, "column": 0 }
      },
      "46": {
        "start": { "line": 47, "column": 0 },
        "end": { "line": 47, "column": 24 }
      },
      "47": {
        "start": { "line": 48, "column": 0 },
        "end": { "line": 48, "column": 14 }
      },
      "48": {
        "start": { "line": 49, "column": 0 },
        "end": { "line": 49, "column": 15 }
      },
      "49": {
        "start": { "line": 50, "column": 0 },
        "end": { "line": 50, "column": 12 }
      },
      "50": {
        "start": { "line": 51, "column": 0 },
        "end": { "line": 51, "column": 12 }
      },
      "51": {
        "start": { "line": 52, "column": 0 },
        "end": { "line": 52, "column": 16 }
      },
      "52": {
        "start": { "line": 53, "column": 0 },
        "end": { "line": 53, "column": 13 }
      },
      "53": {
        "start": { "line": 54, "column": 0 },
        "end": { "line": 54, "column": 17 }
      },
      "54": {
        "start": { "line": 55, "column": 0 },
        "end": { "line": 55, "column": 21 }
      },
      "55": {
        "start": { "line": 56, "column": 0 },
        "end": { "line": 56, "column": 11 }
      },
      "56": {
        "start": { "line": 57, "column": 0 },
        "end": { "line": 57, "column": 16 }
      },
      "57": {
        "start": { "line": 58, "column": 0 },
        "end": { "line": 58, "column": 10 }
      },
      "58": {
        "start": { "line": 59, "column": 0 },
        "end": { "line": 59, "column": 10 }
      },
      "59": {
        "start": { "line": 60, "column": 0 },
        "end": { "line": 60, "column": 14 }
      },
      "60": {
        "start": { "line": 61, "column": 0 },
        "end": { "line": 61, "column": 14 }
      },
      "61": {
        "start": { "line": 62, "column": 0 },
        "end": { "line": 62, "column": 13 }
      },
      "62": {
        "start": { "line": 63, "column": 0 },
        "end": { "line": 63, "column": 17 }
      },
      "63": {
        "start": { "line": 64, "column": 0 },
        "end": { "line": 64, "column": 26 }
      },
      "64": {
        "start": { "line": 65, "column": 0 },
        "end": { "line": 65, "column": 43 }
      },
      "65": {
        "start": { "line": 66, "column": 0 },
        "end": { "line": 66, "column": 45 }
      },
      "66": {
        "start": { "line": 67, "column": 0 },
        "end": { "line": 67, "column": 39 }
      },
      "67": {
        "start": { "line": 68, "column": 0 },
        "end": { "line": 68, "column": 39 }
      },
      "68": {
        "start": { "line": 69, "column": 0 },
        "end": { "line": 69, "column": 47 }
      },
      "69": {
        "start": { "line": 70, "column": 0 },
        "end": { "line": 70, "column": 41 }
      },
      "70": {
        "start": { "line": 71, "column": 0 },
        "end": { "line": 71, "column": 49 }
      },
      "71": {
        "start": { "line": 72, "column": 0 },
        "end": { "line": 72, "column": 47 }
      },
      "72": {
        "start": { "line": 73, "column": 0 },
        "end": { "line": 73, "column": 27 }
      },
      "73": {
        "start": { "line": 74, "column": 0 },
        "end": { "line": 74, "column": 26 }
      },
      "74": {
        "start": { "line": 75, "column": 0 },
        "end": { "line": 75, "column": 28 }
      },
      "75": {
        "start": { "line": 76, "column": 0 },
        "end": { "line": 76, "column": 43 }
      },
      "76": {
        "start": { "line": 77, "column": 0 },
        "end": { "line": 77, "column": 37 }
      },
      "77": {
        "start": { "line": 78, "column": 0 },
        "end": { "line": 78, "column": 47 }
      },
      "78": {
        "start": { "line": 79, "column": 0 },
        "end": { "line": 79, "column": 26 }
      },
      "79": {
        "start": { "line": 80, "column": 0 },
        "end": { "line": 80, "column": 51 }
      },
      "80": {
        "start": { "line": 81, "column": 0 },
        "end": { "line": 81, "column": 42 }
      },
      "81": {
        "start": { "line": 82, "column": 0 },
        "end": { "line": 82, "column": 46 }
      },
      "82": {
        "start": { "line": 83, "column": 0 },
        "end": { "line": 83, "column": 40 }
      },
      "83": {
        "start": { "line": 84, "column": 0 },
        "end": { "line": 84, "column": 52 }
      },
      "84": {
        "start": { "line": 85, "column": 0 },
        "end": { "line": 85, "column": 5 }
      },
      "85": {
        "start": { "line": 86, "column": 0 },
        "end": { "line": 86, "column": 18 }
      },
      "86": {
        "start": { "line": 87, "column": 0 },
        "end": { "line": 87, "column": 13 }
      },
      "87": {
        "start": { "line": 88, "column": 0 },
        "end": { "line": 88, "column": 28 }
      },
      "88": {
        "start": { "line": 89, "column": 0 },
        "end": { "line": 89, "column": 80 }
      },
      "89": {
        "start": { "line": 90, "column": 0 },
        "end": { "line": 90, "column": 59 }
      },
      "90": {
        "start": { "line": 91, "column": 0 },
        "end": { "line": 91, "column": 13 }
      },
      "91": {
        "start": { "line": 92, "column": 0 },
        "end": { "line": 92, "column": 64 }
      },
      "92": {
        "start": { "line": 93, "column": 0 },
        "end": { "line": 93, "column": 53 }
      },
      "93": {
        "start": { "line": 94, "column": 0 },
        "end": { "line": 94, "column": 13 }
      },
      "94": {
        "start": { "line": 95, "column": 0 },
        "end": { "line": 95, "column": 66 }
      },
      "95": {
        "start": { "line": 96, "column": 0 },
        "end": { "line": 96, "column": 55 }
      },
      "96": {
        "start": { "line": 97, "column": 0 },
        "end": { "line": 97, "column": 13 }
      },
      "97": {
        "start": { "line": 98, "column": 0 },
        "end": { "line": 98, "column": 44 }
      },
      "98": {
        "start": { "line": 99, "column": 0 },
        "end": { "line": 99, "column": 57 }
      },
      "99": {
        "start": { "line": 100, "column": 0 },
        "end": { "line": 100, "column": 13 }
      },
      "100": {
        "start": { "line": 101, "column": 0 },
        "end": { "line": 101, "column": 18 }
      },
      "101": {
        "start": { "line": 102, "column": 0 },
        "end": { "line": 102, "column": 63 }
      },
      "102": {
        "start": { "line": 103, "column": 0 },
        "end": { "line": 103, "column": 13 }
      },
      "103": {
        "start": { "line": 104, "column": 0 },
        "end": { "line": 104, "column": 33 }
      },
      "104": {
        "start": { "line": 105, "column": 0 },
        "end": { "line": 105, "column": 43 }
      },
      "105": {
        "start": { "line": 106, "column": 0 },
        "end": { "line": 106, "column": 13 }
      },
      "106": {
        "start": { "line": 107, "column": 0 },
        "end": { "line": 107, "column": 33 }
      },
      "107": {
        "start": { "line": 108, "column": 0 },
        "end": { "line": 108, "column": 43 }
      },
      "108": {
        "start": { "line": 109, "column": 0 },
        "end": { "line": 109, "column": 13 }
      },
      "109": {
        "start": { "line": 110, "column": 0 },
        "end": { "line": 110, "column": 9 }
      },
      "110": {
        "start": { "line": 111, "column": 0 },
        "end": { "line": 111, "column": 23 }
      },
      "111": {
        "start": { "line": 112, "column": 0 },
        "end": { "line": 112, "column": 31 }
      },
      "112": {
        "start": { "line": 113, "column": 0 },
        "end": { "line": 113, "column": 32 }
      },
      "113": {
        "start": { "line": 114, "column": 0 },
        "end": { "line": 114, "column": 36 }
      },
      "114": {
        "start": { "line": 115, "column": 0 },
        "end": { "line": 115, "column": 13 }
      },
      "115": {
        "start": { "line": 116, "column": 0 },
        "end": { "line": 116, "column": 9 }
      },
      "116": {
        "start": { "line": 117, "column": 0 },
        "end": { "line": 117, "column": 5 }
      },
      "117": {
        "start": { "line": 118, "column": 0 },
        "end": { "line": 118, "column": 16 }
      },
      "118": {
        "start": { "line": 119, "column": 0 },
        "end": { "line": 119, "column": 26 }
      },
      "119": {
        "start": { "line": 120, "column": 0 },
        "end": { "line": 120, "column": 5 }
      },
      "120": {
        "start": { "line": 121, "column": 0 },
        "end": { "line": 121, "column": 17 }
      },
      "121": {
        "start": { "line": 122, "column": 0 },
        "end": { "line": 122, "column": 32 }
      },
      "122": {
        "start": { "line": 123, "column": 0 },
        "end": { "line": 123, "column": 5 }
      },
      "123": {
        "start": { "line": 124, "column": 0 },
        "end": { "line": 124, "column": 30 }
      },
      "124": {
        "start": { "line": 125, "column": 0 },
        "end": { "line": 125, "column": 32 }
      },
      "125": {
        "start": { "line": 126, "column": 0 },
        "end": { "line": 126, "column": 52 }
      },
      "126": {
        "start": { "line": 127, "column": 0 },
        "end": { "line": 127, "column": 9 }
      },
      "127": {
        "start": { "line": 128, "column": 0 },
        "end": { "line": 128, "column": 14 }
      },
      "128": {
        "start": { "line": 129, "column": 0 },
        "end": { "line": 129, "column": 29 }
      },
      "129": {
        "start": { "line": 130, "column": 0 },
        "end": { "line": 130, "column": 9 }
      },
      "130": {
        "start": { "line": 131, "column": 0 },
        "end": { "line": 131, "column": 5 }
      },
      "131": {
        "start": { "line": 132, "column": 0 },
        "end": { "line": 132, "column": 24 }
      },
      "132": {
        "start": { "line": 133, "column": 0 },
        "end": { "line": 133, "column": 13 }
      },
      "133": {
        "start": { "line": 134, "column": 0 },
        "end": { "line": 134, "column": 36 }
      },
      "134": {
        "start": { "line": 135, "column": 0 },
        "end": { "line": 135, "column": 23 }
      },
      "135": {
        "start": { "line": 136, "column": 0 },
        "end": { "line": 136, "column": 46 }
      },
      "136": {
        "start": { "line": 137, "column": 0 },
        "end": { "line": 137, "column": 45 }
      },
      "137": {
        "start": { "line": 138, "column": 0 },
        "end": { "line": 138, "column": 64 }
      },
      "138": {
        "start": { "line": 139, "column": 0 },
        "end": { "line": 139, "column": 52 }
      },
      "139": {
        "start": { "line": 140, "column": 0 },
        "end": { "line": 140, "column": 13 }
      },
      "140": {
        "start": { "line": 141, "column": 0 },
        "end": { "line": 141, "column": 48 }
      },
      "141": {
        "start": { "line": 142, "column": 0 },
        "end": { "line": 142, "column": 46 }
      },
      "142": {
        "start": { "line": 143, "column": 0 },
        "end": { "line": 143, "column": 13 }
      },
      "143": {
        "start": { "line": 144, "column": 0 },
        "end": { "line": 144, "column": 33 }
      },
      "144": {
        "start": { "line": 145, "column": 0 },
        "end": { "line": 145, "column": 43 }
      },
      "145": {
        "start": { "line": 146, "column": 0 },
        "end": { "line": 146, "column": 13 }
      },
      "146": {
        "start": { "line": 147, "column": 0 },
        "end": { "line": 147, "column": 33 }
      },
      "147": {
        "start": { "line": 148, "column": 0 },
        "end": { "line": 148, "column": 43 }
      },
      "148": {
        "start": { "line": 149, "column": 0 },
        "end": { "line": 149, "column": 13 }
      },
      "149": {
        "start": { "line": 150, "column": 0 },
        "end": { "line": 150, "column": 9 }
      },
      "150": {
        "start": { "line": 151, "column": 0 },
        "end": { "line": 151, "column": 23 }
      },
      "151": {
        "start": { "line": 152, "column": 0 },
        "end": { "line": 152, "column": 31 }
      },
      "152": {
        "start": { "line": 153, "column": 0 },
        "end": { "line": 153, "column": 32 }
      },
      "153": {
        "start": { "line": 154, "column": 0 },
        "end": { "line": 154, "column": 36 }
      },
      "154": {
        "start": { "line": 155, "column": 0 },
        "end": { "line": 155, "column": 13 }
      },
      "155": {
        "start": { "line": 156, "column": 0 },
        "end": { "line": 156, "column": 9 }
      },
      "156": {
        "start": { "line": 157, "column": 0 },
        "end": { "line": 157, "column": 5 }
      },
      "157": {
        "start": { "line": 158, "column": 0 },
        "end": { "line": 158, "column": 19 }
      },
      "158": {
        "start": { "line": 159, "column": 0 },
        "end": { "line": 159, "column": 63 }
      },
      "159": {
        "start": { "line": 160, "column": 0 },
        "end": { "line": 160, "column": 25 }
      },
      "160": {
        "start": { "line": 161, "column": 0 },
        "end": { "line": 161, "column": 64 }
      },
      "161": {
        "start": { "line": 162, "column": 0 },
        "end": { "line": 162, "column": 16 }
      },
      "162": {
        "start": { "line": 163, "column": 0 },
        "end": { "line": 163, "column": 74 }
      },
      "163": {
        "start": { "line": 164, "column": 0 },
        "end": { "line": 164, "column": 9 }
      },
      "164": {
        "start": { "line": 165, "column": 0 },
        "end": { "line": 165, "column": 14 }
      },
      "165": {
        "start": { "line": 166, "column": 0 },
        "end": { "line": 166, "column": 25 }
      },
      "166": {
        "start": { "line": 167, "column": 0 },
        "end": { "line": 167, "column": 9 }
      },
      "167": {
        "start": { "line": 168, "column": 0 },
        "end": { "line": 168, "column": 5 }
      },
      "168": {
        "start": { "line": 169, "column": 0 },
        "end": { "line": 169, "column": 18 }
      },
      "169": {
        "start": { "line": 170, "column": 0 },
        "end": { "line": 170, "column": 32 }
      },
      "170": {
        "start": { "line": 171, "column": 0 },
        "end": { "line": 171, "column": 32 }
      },
      "171": {
        "start": { "line": 172, "column": 0 },
        "end": { "line": 172, "column": 9 }
      },
      "172": {
        "start": { "line": 173, "column": 0 },
        "end": { "line": 173, "column": 5 }
      },
      "173": {
        "start": { "line": 174, "column": 0 },
        "end": { "line": 174, "column": 22 }
      },
      "174": {
        "start": { "line": 175, "column": 0 },
        "end": { "line": 175, "column": 32 }
      },
      "175": {
        "start": { "line": 176, "column": 0 },
        "end": { "line": 176, "column": 32 }
      },
      "176": {
        "start": { "line": 177, "column": 0 },
        "end": { "line": 177, "column": 9 }
      },
      "177": {
        "start": { "line": 178, "column": 0 },
        "end": { "line": 178, "column": 5 }
      },
      "178": {
        "start": { "line": 179, "column": 0 },
        "end": { "line": 179, "column": 17 }
      },
      "179": {
        "start": { "line": 180, "column": 0 },
        "end": { "line": 180, "column": 32 }
      },
      "180": {
        "start": { "line": 181, "column": 0 },
        "end": { "line": 181, "column": 31 }
      },
      "181": {
        "start": { "line": 182, "column": 0 },
        "end": { "line": 182, "column": 9 }
      },
      "182": {
        "start": { "line": 183, "column": 0 },
        "end": { "line": 183, "column": 5 }
      },
      "183": {
        "start": { "line": 184, "column": 0 },
        "end": { "line": 184, "column": 21 }
      },
      "184": {
        "start": { "line": 185, "column": 0 },
        "end": { "line": 185, "column": 39 }
      },
      "185": {
        "start": { "line": 186, "column": 0 },
        "end": { "line": 186, "column": 69 }
      },
      "186": {
        "start": { "line": 187, "column": 0 },
        "end": { "line": 187, "column": 78 }
      },
      "187": {
        "start": { "line": 188, "column": 0 },
        "end": { "line": 188, "column": 37 }
      },
      "188": {
        "start": { "line": 189, "column": 0 },
        "end": { "line": 189, "column": 9 }
      },
      "189": {
        "start": { "line": 190, "column": 0 },
        "end": { "line": 190, "column": 31 }
      },
      "190": {
        "start": { "line": 191, "column": 0 },
        "end": { "line": 191, "column": 75 }
      },
      "191": {
        "start": { "line": 192, "column": 0 },
        "end": { "line": 192, "column": 78 }
      },
      "192": {
        "start": { "line": 193, "column": 0 },
        "end": { "line": 193, "column": 37 }
      },
      "193": {
        "start": { "line": 194, "column": 0 },
        "end": { "line": 194, "column": 9 }
      },
      "194": {
        "start": { "line": 195, "column": 0 },
        "end": { "line": 195, "column": 14 }
      },
      "195": {
        "start": { "line": 196, "column": 0 },
        "end": { "line": 196, "column": 39 }
      },
      "196": {
        "start": { "line": 197, "column": 0 },
        "end": { "line": 197, "column": 9 }
      },
      "197": {
        "start": { "line": 198, "column": 0 },
        "end": { "line": 198, "column": 5 }
      },
      "198": {
        "start": { "line": 199, "column": 0 },
        "end": { "line": 199, "column": 18 }
      },
      "199": {
        "start": { "line": 200, "column": 0 },
        "end": { "line": 200, "column": 40 }
      },
      "200": {
        "start": { "line": 201, "column": 0 },
        "end": { "line": 201, "column": 5 }
      },
      "201": {
        "start": { "line": 202, "column": 0 },
        "end": { "line": 202, "column": 1 }
      },
      "202": {
        "start": { "line": 203, "column": 0 },
        "end": { "line": 203, "column": 0 }
      },
      "203": {
        "start": { "line": 204, "column": 0 },
        "end": { "line": 204, "column": 32 }
      },
      "204": {
        "start": { "line": 205, "column": 0 },
        "end": { "line": 205, "column": 33 }
      },
      "205": {
        "start": { "line": 206, "column": 0 },
        "end": { "line": 206, "column": 56 }
      },
      "206": {
        "start": { "line": 207, "column": 0 },
        "end": { "line": 207, "column": 59 }
      },
      "207": {
        "start": { "line": 208, "column": 0 },
        "end": { "line": 208, "column": 82 }
      },
      "208": {
        "start": { "line": 209, "column": 0 },
        "end": { "line": 209, "column": 33 }
      },
      "209": {
        "start": { "line": 210, "column": 0 },
        "end": { "line": 210, "column": 41 }
      },
      "210": {
        "start": { "line": 211, "column": 0 },
        "end": { "line": 211, "column": 35 }
      },
      "211": {
        "start": { "line": 212, "column": 0 },
        "end": { "line": 212, "column": 43 }
      },
      "212": {
        "start": { "line": 213, "column": 0 },
        "end": { "line": 213, "column": 51 }
      },
      "213": {
        "start": { "line": 214, "column": 0 },
        "end": { "line": 214, "column": 57 }
      },
      "214": {
        "start": { "line": 215, "column": 0 },
        "end": { "line": 215, "column": 31 }
      },
      "215": {
        "start": { "line": 216, "column": 0 },
        "end": { "line": 216, "column": 41 }
      },
      "216": {
        "start": { "line": 217, "column": 0 },
        "end": { "line": 217, "column": 43 }
      },
      "217": {
        "start": { "line": 218, "column": 0 },
        "end": { "line": 218, "column": 35 }
      },
      "218": {
        "start": { "line": 219, "column": 0 },
        "end": { "line": 219, "column": 33 }
      },
      "219": {
        "start": { "line": 220, "column": 0 },
        "end": { "line": 220, "column": 49 }
      },
      "220": {
        "start": { "line": 221, "column": 0 },
        "end": { "line": 221, "column": 7 }
      },
      "221": {
        "start": { "line": 222, "column": 0 },
        "end": { "line": 222, "column": 1 }
      },
      "222": {
        "start": { "line": 223, "column": 0 },
        "end": { "line": 223, "column": 0 }
      },
      "223": {
        "start": { "line": 224, "column": 0 },
        "end": { "line": 224, "column": 42 }
      }
    },
    "s": {
      "0": 1,
      "1": 1,
      "2": 4,
      "3": 0,
      "4": 0,
      "5": 0,
      "6": 0,
      "7": 0,
      "8": 4,
      "9": 1,
      "10": 1,
      "11": 1,
      "12": 1,
      "13": 0,
      "14": 0,
      "15": 0,
      "16": 0,
      "17": 0,
      "18": 0,
      "19": 0,
      "20": 0,
      "21": 0,
      "22": 0,
      "23": 0,
      "24": 1,
      "25": 1,
      "26": 7,
      "27": 7,
      "28": 7,
      "29": 7,
      "30": 7,
      "31": 7,
      "32": 0,
      "33": 0,
      "34": 0,
      "35": 0,
      "36": 7,
      "37": 1,
      "38": 1,
      "39": 1,
      "40": 1,
      "41": 1,
      "42": 0,
      "43": 1,
      "44": 7,
      "45": 1,
      "46": 7,
      "47": 7,
      "48": 7,
      "49": 7,
      "50": 7,
      "51": 7,
      "52": 7,
      "53": 7,
      "54": 7,
      "55": 7,
      "56": 7,
      "57": 7,
      "58": 7,
      "59": 7,
      "60": 7,
      "61": 7,
      "62": 7,
      "63": 7,
      "64": 7,
      "65": 7,
      "66": 7,
      "67": 7,
      "68": 7,
      "69": 7,
      "70": 7,
      "71": 7,
      "72": 7,
      "73": 7,
      "74": 7,
      "75": 7,
      "76": 7,
      "77": 7,
      "78": 7,
      "79": 7,
      "80": 7,
      "81": 7,
      "82": 7,
      "83": 7,
      "84": 7,
      "85": 7,
      "86": 1,
      "87": 1,
      "88": 1,
      "89": 0,
      "90": 0,
      "91": 1,
      "92": 1,
      "93": 1,
      "94": 1,
      "95": 0,
      "96": 0,
      "97": 0,
      "98": 0,
      "99": 0,
      "100": 0,
      "101": 0,
      "102": 0,
      "103": 0,
      "104": 0,
      "105": 0,
      "106": 0,
      "107": 0,
      "108": 0,
      "109": 1,
      "110": 1,
      "111": 1,
      "112": 1,
      "113": 0,
      "114": 0,
      "115": 1,
      "116": 1,
      "117": 7,
      "118": 1,
      "119": 1,
      "120": 7,
      "121": 10,
      "122": 10,
      "123": 7,
      "124": 1,
      "125": 1,
      "126": 1,
      "127": 0,
      "128": 0,
      "129": 0,
      "130": 1,
      "131": 7,
      "132": 5,
      "133": 5,
      "134": 5,
      "135": 4,
      "136": 4,
      "137": 5,
      "138": 0,
      "139": 0,
      "140": 0,
      "141": 0,
      "142": 0,
      "143": 0,
      "144": 0,
      "145": 0,
      "146": 0,
      "147": 0,
      "148": 0,
      "149": 5,
      "150": 5,
      "151": 4,
      "152": 4,
      "153": 0,
      "154": 0,
      "155": 4,
      "156": 5,
      "157": 7,
      "158": 7,
      "159": 7,
      "160": 7,
      "161": 7,
      "162": 7,
      "163": 7,
      "164": 0,
      "165": 0,
      "166": 0,
      "167": 7,
      "168": 7,
      "169": 1,
      "170": 1,
      "171": 1,
      "172": 1,
      "173": 7,
      "174": 1,
      "175": 1,
      "176": 1,
      "177": 1,
      "178": 7,
      "179": 1,
      "180": 1,
      "181": 1,
      "182": 1,
      "183": 7,
      "184": 11,
      "185": 11,
      "186": 11,
      "187": 11,
      "188": 11,
      "189": 0,
      "190": 0,
      "191": 0,
      "192": 0,
      "193": 0,
      "194": 0,
      "195": 0,
      "196": 0,
      "197": 11,
      "198": 7,
      "199": 3,
      "200": 3,
      "201": 7,
      "202": 1,
      "203": 7,
      "204": 7,
      "205": 7,
      "206": 7,
      "207": 7,
      "208": 7,
      "209": 7,
      "210": 7,
      "211": 7,
      "212": 7,
      "213": 7,
      "214": 7,
      "215": 7,
      "216": 7,
      "217": 7,
      "218": 7,
      "219": 7,
      "220": 7,
      "221": 7,
      "222": 1,
      "223": 1
    },
    "branchMap": {
      "0": {
        "type": "branch",
        "line": 1,
        "loc": {
          "start": { "line": 1, "column": 0 },
          "end": { "line": 224, "column": 42 }
        },
        "locations": [
          {
            "start": { "line": 1, "column": 0 },
            "end": { "line": 224, "column": 42 }
          }
        ]
      },
      "1": {
        "type": "branch",
        "line": 2,
        "loc": {
          "start": { "line": 2, "column": 4 },
          "end": { "line": 9, "column": 5 }
        },
        "locations": [
          {
            "start": { "line": 2, "column": 4 },
            "end": { "line": 9, "column": 5 }
          }
        ]
      },
      "2": {
        "type": "branch",
        "line": 3,
        "loc": {
          "start": { "line": 3, "column": 22 },
          "end": { "line": 8, "column": 9 }
        },
        "locations": [
          {
            "start": { "line": 3, "column": 22 },
            "end": { "line": 8, "column": 9 }
          }
        ]
      },
      "3": {
        "type": "branch",
        "line": 27,
        "loc": {
          "start": { "line": 27, "column": 0 },
          "end": { "line": 45, "column": 1 }
        },
        "locations": [
          {
            "start": { "line": 27, "column": 0 },
            "end": { "line": 45, "column": 1 }
          }
        ]
      },
      "4": {
        "type": "branch",
        "line": 29,
        "loc": {
          "start": { "line": 29, "column": 4 },
          "end": { "line": 31, "column": 5 }
        },
        "locations": [
          {
            "start": { "line": 29, "column": 4 },
            "end": { "line": 31, "column": 5 }
          }
        ]
      },
      "5": {
        "type": "branch",
        "line": 37,
        "loc": {
          "start": { "line": 37, "column": 4 },
          "end": { "line": 44, "column": 5 }
        },
        "locations": [
          {
            "start": { "line": 37, "column": 4 },
            "end": { "line": 44, "column": 5 }
          }
        ]
      },
      "6": {
        "type": "branch",
        "line": 39,
        "loc": {
          "start": { "line": 39, "column": 12 },
          "end": { "line": 39, "column": 29 }
        },
        "locations": [
          {
            "start": { "line": 39, "column": 12 },
            "end": { "line": 39, "column": 29 }
          }
        ]
      },
      "7": {
        "type": "branch",
        "line": 41,
        "loc": {
          "start": { "line": 41, "column": 27 },
          "end": { "line": 41, "column": 49 }
        },
        "locations": [
          {
            "start": { "line": 41, "column": 27 },
            "end": { "line": 41, "column": 49 }
          }
        ]
      },
      "8": {
        "type": "branch",
        "line": 42,
        "loc": {
          "start": { "line": 42, "column": 12 },
          "end": { "line": 44, "column": 4 }
        },
        "locations": [
          {
            "start": { "line": 42, "column": 12 },
            "end": { "line": 44, "column": 4 }
          }
        ]
      },
      "9": {
        "type": "branch",
        "line": 47,
        "loc": {
          "start": { "line": 47, "column": 0 },
          "end": { "line": 202, "column": 1 }
        },
        "locations": [
          {
            "start": { "line": 47, "column": 0 },
            "end": { "line": 202, "column": 1 }
          }
        ]
      },
      "10": {
        "type": "branch",
        "line": 64,
        "loc": {
          "start": { "line": 64, "column": 4 },
          "end": { "line": 85, "column": 5 }
        },
        "locations": [
          {
            "start": { "line": 64, "column": 4 },
            "end": { "line": 85, "column": 5 }
          }
        ]
      },
      "11": {
        "type": "branch",
        "line": 76,
        "loc": {
          "start": { "line": 76, "column": 36 },
          "end": { "line": 76, "column": 41 }
        },
        "locations": [
          {
            "start": { "line": 76, "column": 36 },
            "end": { "line": 76, "column": 41 }
          }
        ]
      },
      "12": {
        "type": "branch",
        "line": 86,
        "loc": {
          "start": { "line": 86, "column": 4 },
          "end": { "line": 117, "column": 5 }
        },
        "locations": [
          {
            "start": { "line": 86, "column": 4 },
            "end": { "line": 117, "column": 5 }
          }
        ]
      },
      "13": {
        "type": "branch",
        "line": 89,
        "loc": {
          "start": { "line": 89, "column": 62 },
          "end": { "line": 89, "column": 77 }
        },
        "locations": [
          {
            "start": { "line": 89, "column": 62 },
            "end": { "line": 89, "column": 77 }
          }
        ]
      },
      "14": {
        "type": "branch",
        "line": 89,
        "loc": {
          "start": { "line": 89, "column": 79 },
          "end": { "line": 91, "column": 13 }
        },
        "locations": [
          {
            "start": { "line": 89, "column": 79 },
            "end": { "line": 91, "column": 13 }
          }
        ]
      },
      "15": {
        "type": "branch",
        "line": 95,
        "loc": {
          "start": { "line": 95, "column": -1 },
          "end": { "line": 95, "column": 63 }
        },
        "locations": [
          {
            "start": { "line": 95, "column": -1 },
            "end": { "line": 95, "column": 63 }
          }
        ]
      },
      "16": {
        "type": "branch",
        "line": 95,
        "loc": {
          "start": { "line": 95, "column": 65 },
          "end": { "line": 109, "column": 13 }
        },
        "locations": [
          {
            "start": { "line": 95, "column": 65 },
            "end": { "line": 109, "column": 13 }
          }
        ]
      },
      "17": {
        "type": "branch",
        "line": 113,
        "loc": {
          "start": { "line": 113, "column": 31 },
          "end": { "line": 115, "column": 13 }
        },
        "locations": [
          {
            "start": { "line": 113, "column": 31 },
            "end": { "line": 115, "column": 13 }
          }
        ]
      },
      "18": {
        "type": "branch",
        "line": 118,
        "loc": {
          "start": { "line": 118, "column": 4 },
          "end": { "line": 120, "column": 5 }
        },
        "locations": [
          {
            "start": { "line": 118, "column": 4 },
            "end": { "line": 120, "column": 5 }
          }
        ]
      },
      "19": {
        "type": "branch",
        "line": 121,
        "loc": {
          "start": { "line": 121, "column": 4 },
          "end": { "line": 123, "column": 5 }
        },
        "locations": [
          {
            "start": { "line": 121, "column": 4 },
            "end": { "line": 123, "column": 5 }
          }
        ]
      },
      "20": {
        "type": "branch",
        "line": 124,
        "loc": {
          "start": { "line": 124, "column": 4 },
          "end": { "line": 131, "column": 5 }
        },
        "locations": [
          {
            "start": { "line": 124, "column": 4 },
            "end": { "line": 131, "column": 5 }
          }
        ]
      },
      "21": {
        "type": "branch",
        "line": 128,
        "loc": {
          "start": { "line": 128, "column": -1 },
          "end": { "line": 130, "column": 9 }
        },
        "locations": [
          {
            "start": { "line": 128, "column": -1 },
            "end": { "line": 130, "column": 9 }
          }
        ]
      },
      "22": {
        "type": "branch",
        "line": 132,
        "loc": {
          "start": { "line": 132, "column": 4 },
          "end": { "line": 157, "column": 5 }
        },
        "locations": [
          {
            "start": { "line": 132, "column": 4 },
            "end": { "line": 157, "column": 5 }
          }
        ]
      },
      "23": {
        "type": "branch",
        "line": 135,
        "loc": {
          "start": { "line": 135, "column": 16 },
          "end": { "line": 135, "column": 23 }
        },
        "locations": [
          {
            "start": { "line": 135, "column": 16 },
            "end": { "line": 135, "column": 23 }
          }
        ]
      },
      "24": {
        "type": "branch",
        "line": 136,
        "loc": {
          "start": { "line": 136, "column": -1 },
          "end": { "line": 138, "column": 46 }
        },
        "locations": [
          {
            "start": { "line": 136, "column": -1 },
            "end": { "line": 138, "column": 46 }
          }
        ]
      },
      "25": {
        "type": "branch",
        "line": 138,
        "loc": {
          "start": { "line": 138, "column": 46 },
          "end": { "line": 138, "column": 61 }
        },
        "locations": [
          {
            "start": { "line": 138, "column": 46 },
            "end": { "line": 138, "column": 61 }
          }
        ]
      },
      "26": {
        "type": "branch",
        "line": 138,
        "loc": {
          "start": { "line": 138, "column": 63 },
          "end": { "line": 149, "column": 13 }
        },
        "locations": [
          {
            "start": { "line": 138, "column": 63 },
            "end": { "line": 149, "column": 13 }
          }
        ]
      },
      "27": {
        "type": "branch",
        "line": 151,
        "loc": {
          "start": { "line": 151, "column": 8 },
          "end": { "line": 156, "column": 9 }
        },
        "locations": [
          {
            "start": { "line": 151, "column": 8 },
            "end": { "line": 156, "column": 9 }
          }
        ]
      },
      "28": {
        "type": "branch",
        "line": 153,
        "loc": {
          "start": { "line": 153, "column": 31 },
          "end": { "line": 155, "column": 13 }
        },
        "locations": [
          {
            "start": { "line": 153, "column": 31 },
            "end": { "line": 155, "column": 13 }
          }
        ]
      },
      "29": {
        "type": "branch",
        "line": 158,
        "loc": {
          "start": { "line": 158, "column": 4 },
          "end": { "line": 168, "column": 5 }
        },
        "locations": [
          {
            "start": { "line": 158, "column": 4 },
            "end": { "line": 168, "column": 5 }
          }
        ]
      },
      "30": {
        "type": "branch",
        "line": 160,
        "loc": {
          "start": { "line": 160, "column": 12 },
          "end": { "line": 160, "column": 25 }
        },
        "locations": [
          {
            "start": { "line": 160, "column": 12 },
            "end": { "line": 160, "column": 25 }
          }
        ]
      },
      "31": {
        "type": "branch",
        "line": 161,
        "loc": {
          "start": { "line": 161, "column": 50 },
          "end": { "line": 161, "column": 63 }
        },
        "locations": [
          {
            "start": { "line": 161, "column": 50 },
            "end": { "line": 161, "column": 63 }
          }
        ]
      },
      "32": {
        "type": "branch",
        "line": 165,
        "loc": {
          "start": { "line": 165, "column": -1 },
          "end": { "line": 167, "column": 9 }
        },
        "locations": [
          {
            "start": { "line": 165, "column": -1 },
            "end": { "line": 167, "column": 9 }
          }
        ]
      },
      "33": {
        "type": "branch",
        "line": 163,
        "loc": {
          "start": { "line": 163, "column": 49 },
          "end": { "line": 163, "column": 71 }
        },
        "locations": [
          {
            "start": { "line": 163, "column": 49 },
            "end": { "line": 163, "column": 71 }
          }
        ]
      },
      "34": {
        "type": "branch",
        "line": 169,
        "loc": {
          "start": { "line": 169, "column": 4 },
          "end": { "line": 173, "column": 5 }
        },
        "locations": [
          {
            "start": { "line": 169, "column": 4 },
            "end": { "line": 173, "column": 5 }
          }
        ]
      },
      "35": {
        "type": "branch",
        "line": 174,
        "loc": {
          "start": { "line": 174, "column": 4 },
          "end": { "line": 178, "column": 5 }
        },
        "locations": [
          {
            "start": { "line": 174, "column": 4 },
            "end": { "line": 178, "column": 5 }
          }
        ]
      },
      "36": {
        "type": "branch",
        "line": 179,
        "loc": {
          "start": { "line": 179, "column": 4 },
          "end": { "line": 183, "column": 5 }
        },
        "locations": [
          {
            "start": { "line": 179, "column": 4 },
            "end": { "line": 183, "column": 5 }
          }
        ]
      },
      "37": {
        "type": "branch",
        "line": 184,
        "loc": {
          "start": { "line": 184, "column": 4 },
          "end": { "line": 198, "column": 5 }
        },
        "locations": [
          {
            "start": { "line": 184, "column": 4 },
            "end": { "line": 198, "column": 5 }
          }
        ]
      },
      "38": {
        "type": "branch",
        "line": 186,
        "loc": {
          "start": { "line": 186, "column": 67 },
          "end": { "line": 187, "column": 75 }
        },
        "locations": [
          {
            "start": { "line": 186, "column": 67 },
            "end": { "line": 187, "column": 75 }
          }
        ]
      },
      "39": {
        "type": "branch",
        "line": 187,
        "loc": {
          "start": { "line": 187, "column": 76 },
          "end": { "line": 188, "column": 35 }
        },
        "locations": [
          {
            "start": { "line": 187, "column": 76 },
            "end": { "line": 188, "column": 35 }
          }
        ]
      },
      "40": {
        "type": "branch",
        "line": 190,
        "loc": {
          "start": { "line": 190, "column": -1 },
          "end": { "line": 197, "column": 9 }
        },
        "locations": [
          {
            "start": { "line": 190, "column": -1 },
            "end": { "line": 197, "column": 9 }
          }
        ]
      },
      "41": {
        "type": "branch",
        "line": 186,
        "loc": {
          "start": { "line": 186, "column": 42 },
          "end": { "line": 186, "column": 65 }
        },
        "locations": [
          {
            "start": { "line": 186, "column": 42 },
            "end": { "line": 186, "column": 65 }
          }
        ]
      },
      "42": {
        "type": "branch",
        "line": 199,
        "loc": {
          "start": { "line": 199, "column": 4 },
          "end": { "line": 201, "column": 5 }
        },
        "locations": [
          {
            "start": { "line": 199, "column": 4 },
            "end": { "line": 201, "column": 5 }
          }
        ]
      },
      "43": {
        "type": "branch",
        "line": 204,
        "loc": {
          "start": { "line": 204, "column": 0 },
          "end": { "line": 222, "column": 1 }
        },
        "locations": [
          {
            "start": { "line": 204, "column": 0 },
            "end": { "line": 222, "column": 1 }
          }
        ]
      },
      "44": {
        "type": "branch",
        "line": 208,
        "loc": {
          "start": { "line": 208, "column": 71 },
          "end": { "line": 208, "column": 80 }
        },
        "locations": [
          {
            "start": { "line": 208, "column": 71 },
            "end": { "line": 208, "column": 80 }
          }
        ]
      },
      "45": {
        "type": "branch",
        "line": 214,
        "loc": {
          "start": { "line": 214, "column": 47 },
          "end": { "line": 214, "column": 56 }
        },
        "locations": [
          {
            "start": { "line": 214, "column": 47 },
            "end": { "line": 214, "column": 56 }
          }
        ]
      }
    },
    "b": {
      "0": [1],
      "1": [4],
      "2": [0],
      "3": [7],
      "4": [7],
      "5": [1],
      "6": [0],
      "7": [0],
      "8": [0],
      "9": [7],
      "10": [7],
      "11": [0],
      "12": [1],
      "13": [0],
      "14": [0],
      "15": [0],
      "16": [0],
      "17": [0],
      "18": [1],
      "19": [10],
      "20": [1],
      "21": [0],
      "22": [5],
      "23": [1],
      "24": [4],
      "25": [0],
      "26": [0],
      "27": [4],
      "28": [0],
      "29": [7],
      "30": [0],
      "31": [0],
      "32": [0],
      "33": [14],
      "34": [1],
      "35": [1],
      "36": [1],
      "37": [11],
      "38": [0],
      "39": [0],
      "40": [0],
      "41": [15],
      "42": [3],
      "43": [7],
      "44": [0],
      "45": [0]
    },
    "fnMap": {
      "0": {
        "name": "save",
        "decl": {
          "start": { "line": 2, "column": 4 },
          "end": { "line": 9, "column": 5 }
        },
        "loc": {
          "start": { "line": 2, "column": 4 },
          "end": { "line": 9, "column": 5 }
        },
        "line": 2
      },
      "1": {
        "name": "extract",
        "decl": {
          "start": { "line": 13, "column": 4 },
          "end": { "line": 24, "column": 5 }
        },
        "loc": {
          "start": { "line": 13, "column": 4 },
          "end": { "line": 24, "column": 5 }
        },
        "line": 13
      },
      "2": {
        "name": "<instance_members_initializer>",
        "decl": {
          "start": { "line": 27, "column": 0 },
          "end": { "line": 45, "column": 1 }
        },
        "loc": {
          "start": { "line": 27, "column": 0 },
          "end": { "line": 45, "column": 1 }
        },
        "line": 27
      },
      "3": {
        "name": "Storage",
        "decl": {
          "start": { "line": 29, "column": 4 },
          "end": { "line": 31, "column": 5 }
        },
        "loc": {
          "start": { "line": 29, "column": 4 },
          "end": { "line": 31, "column": 5 }
        },
        "line": 29
      },
      "4": {
        "name": "save",
        "decl": {
          "start": { "line": 32, "column": 4 },
          "end": { "line": 36, "column": 5 }
        },
        "loc": {
          "start": { "line": 32, "column": 4 },
          "end": { "line": 36, "column": 5 }
        },
        "line": 32
      },
      "5": {
        "name": "extract",
        "decl": {
          "start": { "line": 37, "column": 4 },
          "end": { "line": 44, "column": 5 }
        },
        "loc": {
          "start": { "line": 37, "column": 4 },
          "end": { "line": 44, "column": 5 }
        },
        "line": 37
      },
      "6": {
        "name": "<instance_members_initializer>",
        "decl": {
          "start": { "line": 47, "column": 0 },
          "end": { "line": 202, "column": 1 }
        },
        "loc": {
          "start": { "line": 47, "column": 0 },
          "end": { "line": 202, "column": 1 }
        },
        "line": 47
      },
      "7": {
        "name": "LangSwitcherCore",
        "decl": {
          "start": { "line": 64, "column": 4 },
          "end": { "line": 85, "column": 5 }
        },
        "loc": {
          "start": { "line": 64, "column": 4 },
          "end": { "line": 85, "column": 5 }
        },
        "line": 64
      },
      "8": {
        "name": "init",
        "decl": {
          "start": { "line": 86, "column": 4 },
          "end": { "line": 117, "column": 5 }
        },
        "loc": {
          "start": { "line": 86, "column": 4 },
          "end": { "line": 117, "column": 5 }
        },
        "line": 86
      },
      "9": {
        "name": "get lang",
        "decl": {
          "start": { "line": 118, "column": 4 },
          "end": { "line": 120, "column": 5 }
        },
        "loc": {
          "start": { "line": 118, "column": 4 },
          "end": { "line": 120, "column": 5 }
        },
        "line": 118
      },
      "10": {
        "name": "get value",
        "decl": {
          "start": { "line": 121, "column": 4 },
          "end": { "line": 123, "column": 5 }
        },
        "loc": {
          "start": { "line": 121, "column": 4 },
          "end": { "line": 123, "column": 5 }
        },
        "line": 121
      },
      "11": {
        "name": "switchUrl",
        "decl": {
          "start": { "line": 124, "column": 4 },
          "end": { "line": 131, "column": 5 }
        },
        "loc": {
          "start": { "line": 124, "column": 4 },
          "end": { "line": 131, "column": 5 }
        },
        "line": 124
      },
      "12": {
        "name": "switch",
        "decl": {
          "start": { "line": 132, "column": 4 },
          "end": { "line": 157, "column": 5 }
        },
        "loc": {
          "start": { "line": 132, "column": 4 },
          "end": { "line": 157, "column": 5 }
        },
        "line": 132
      },
      "13": {
        "name": "support",
        "decl": {
          "start": { "line": 158, "column": 4 },
          "end": { "line": 168, "column": 5 }
        },
        "loc": {
          "start": { "line": 158, "column": 4 },
          "end": { "line": 168, "column": 5 }
        },
        "line": 158
      },
      "14": {
        "name": "onUpdate",
        "decl": {
          "start": { "line": 169, "column": 4 },
          "end": { "line": 173, "column": 5 }
        },
        "loc": {
          "start": { "line": 169, "column": 4 },
          "end": { "line": 173, "column": 5 }
        },
        "line": 169
      },
      "15": {
        "name": "onSwitchLang",
        "decl": {
          "start": { "line": 174, "column": 4 },
          "end": { "line": 178, "column": 5 }
        },
        "loc": {
          "start": { "line": 174, "column": 4 },
          "end": { "line": 178, "column": 5 }
        },
        "line": 174
      },
      "16": {
        "name": "onError",
        "decl": {
          "start": { "line": 179, "column": 4 },
          "end": { "line": 183, "column": 5 }
        },
        "loc": {
          "start": { "line": 179, "column": 4 },
          "end": { "line": 183, "column": 5 }
        },
        "line": 179
      },
      "17": {
        "name": "#findLang",
        "decl": {
          "start": { "line": 184, "column": 4 },
          "end": { "line": 198, "column": 5 }
        },
        "loc": {
          "start": { "line": 184, "column": 4 },
          "end": { "line": 198, "column": 5 }
        },
        "line": 184
      },
      "18": {
        "name": "#checkCb",
        "decl": {
          "start": { "line": 199, "column": 4 },
          "end": { "line": 201, "column": 5 }
        },
        "loc": {
          "start": { "line": 199, "column": 4 },
          "end": { "line": 201, "column": 5 }
        },
        "line": 199
      },
      "19": {
        "name": "LangSwitcher",
        "decl": {
          "start": { "line": 204, "column": 0 },
          "end": { "line": 222, "column": 1 }
        },
        "loc": {
          "start": { "line": 204, "column": 0 },
          "end": { "line": 222, "column": 1 }
        },
        "line": 204
      }
    },
    "f": {
      "0": 4,
      "1": 0,
      "2": 7,
      "3": 7,
      "4": 0,
      "5": 1,
      "6": 7,
      "7": 7,
      "8": 1,
      "9": 1,
      "10": 10,
      "11": 1,
      "12": 5,
      "13": 7,
      "14": 1,
      "15": 1,
      "16": 1,
      "17": 11,
      "18": 3,
      "19": 7
    }
  }
}
