TN:
SF:dist\lib\esm\be-lang-switcher.js
FN:2,save
FN:13,extract
FN:27,<instance_members_initializer>
FN:29,Storage
FN:32,save
FN:37,extract
FN:47,<instance_members_initializer>
FN:64,LangSwitcherCore
FN:86,init
FN:118,get lang
FN:121,get value
FN:124,switchUrl
FN:132,switch
FN:158,support
FN:169,onUpdate
FN:174,onSwitchLang
FN:179,onError
FN:184,#findLang
FN:199,#checkCb
FN:204,LangSwitcher
FNF:20
FNH:18
FNDA:4,save
FNDA:0,extract
FNDA:7,<instance_members_initializer>
FNDA:7,Storage
FNDA:0,save
FNDA:1,extract
FNDA:7,<instance_members_initializer>
FNDA:7,LangSwitcherCore
FNDA:1,init
FNDA:1,get lang
FNDA:10,get value
FNDA:1,switchUrl
FNDA:5,switch
FNDA:7,support
FNDA:1,onUpdate
FNDA:1,onSwitchLang
FNDA:1,onError
FNDA:11,#findLang
FNDA:3,#checkCb
FNDA:7,LangSwitcher
DA:1,1
DA:2,1
DA:3,4
DA:4,0
DA:5,0
DA:6,0
DA:7,0
DA:8,0
DA:9,4
DA:10,1
DA:11,1
DA:12,1
DA:13,1
DA:14,0
DA:15,0
DA:16,0
DA:17,0
DA:18,0
DA:19,0
DA:20,0
DA:21,0
DA:22,0
DA:23,0
DA:24,0
DA:25,1
DA:26,1
DA:27,7
DA:28,7
DA:29,7
DA:30,7
DA:31,7
DA:32,7
DA:33,0
DA:34,0
DA:35,0
DA:36,0
DA:37,7
DA:38,1
DA:39,1
DA:40,1
DA:41,1
DA:42,1
DA:43,0
DA:44,1
DA:45,7
DA:46,1
DA:47,7
DA:48,7
DA:49,7
DA:50,7
DA:51,7
DA:52,7
DA:53,7
DA:54,7
DA:55,7
DA:56,7
DA:57,7
DA:58,7
DA:59,7
DA:60,7
DA:61,7
DA:62,7
DA:63,7
DA:64,7
DA:65,7
DA:66,7
DA:67,7
DA:68,7
DA:69,7
DA:70,7
DA:71,7
DA:72,7
DA:73,7
DA:74,7
DA:75,7
DA:76,7
DA:77,7
DA:78,7
DA:79,7
DA:80,7
DA:81,7
DA:82,7
DA:83,7
DA:84,7
DA:85,7
DA:86,7
DA:87,1
DA:88,1
DA:89,1
DA:90,0
DA:91,0
DA:92,1
DA:93,1
DA:94,1
DA:95,1
DA:96,0
DA:97,0
DA:98,0
DA:99,0
DA:100,0
DA:101,0
DA:102,0
DA:103,0
DA:104,0
DA:105,0
DA:106,0
DA:107,0
DA:108,0
DA:109,0
DA:110,1
DA:111,1
DA:112,1
DA:113,1
DA:114,0
DA:115,0
DA:116,1
DA:117,1
DA:118,7
DA:119,1
DA:120,1
DA:121,7
DA:122,10
DA:123,10
DA:124,7
DA:125,1
DA:126,1
DA:127,1
DA:128,0
DA:129,0
DA:130,0
DA:131,1
DA:132,7
DA:133,5
DA:134,5
DA:135,5
DA:136,4
DA:137,4
DA:138,5
DA:139,0
DA:140,0
DA:141,0
DA:142,0
DA:143,0
DA:144,0
DA:145,0
DA:146,0
DA:147,0
DA:148,0
DA:149,0
DA:150,5
DA:151,5
DA:152,4
DA:153,4
DA:154,0
DA:155,0
DA:156,4
DA:157,5
DA:158,7
DA:159,7
DA:160,7
DA:161,7
DA:162,7
DA:163,7
DA:164,7
DA:165,0
DA:166,0
DA:167,0
DA:168,7
DA:169,7
DA:170,1
DA:171,1
DA:172,1
DA:173,1
DA:174,7
DA:175,1
DA:176,1
DA:177,1
DA:178,1
DA:179,7
DA:180,1
DA:181,1
DA:182,1
DA:183,1
DA:184,7
DA:185,11
DA:186,11
DA:187,11
DA:188,11
DA:189,11
DA:190,0
DA:191,0
DA:192,0
DA:193,0
DA:194,0
DA:195,0
DA:196,0
DA:197,0
DA:198,11
DA:199,7
DA:200,3
DA:201,3
DA:202,7
DA:203,1
DA:204,7
DA:205,7
DA:206,7
DA:207,7
DA:208,7
DA:209,7
DA:210,7
DA:211,7
DA:212,7
DA:213,7
DA:214,7
DA:215,7
DA:216,7
DA:217,7
DA:218,7
DA:219,7
DA:220,7
DA:221,7
DA:222,7
DA:223,1
DA:224,1
LF:224
LH:158
BRDA:1,0,0,1
BRDA:2,1,0,4
BRDA:3,2,0,0
BRDA:27,3,0,7
BRDA:29,4,0,7
BRDA:37,5,0,1
BRDA:39,6,0,0
BRDA:41,7,0,0
BRDA:42,8,0,0
BRDA:47,9,0,7
BRDA:64,10,0,7
BRDA:76,11,0,0
BRDA:86,12,0,1
BRDA:89,13,0,0
BRDA:89,14,0,0
BRDA:95,15,0,0
BRDA:95,16,0,0
BRDA:113,17,0,0
BRDA:118,18,0,1
BRDA:121,19,0,10
BRDA:124,20,0,1
BRDA:128,21,0,0
BRDA:132,22,0,5
BRDA:135,23,0,1
BRDA:136,24,0,4
BRDA:138,25,0,0
BRDA:138,26,0,0
BRDA:151,27,0,4
BRDA:153,28,0,0
BRDA:158,29,0,7
BRDA:160,30,0,0
BRDA:161,31,0,0
BRDA:165,32,0,0
BRDA:163,33,0,14
BRDA:169,34,0,1
BRDA:174,35,0,1
BRDA:179,36,0,1
BRDA:184,37,0,11
BRDA:186,38,0,0
BRDA:187,39,0,0
BRDA:190,40,0,0
BRDA:186,41,0,15
BRDA:199,42,0,3
BRDA:204,43,0,7
BRDA:208,44,0,0
BRDA:214,45,0,0
BRF:46
BRH:24
end_of_record
